<?xml version="1.0" encoding="UTF-8"?>
<!-- Generated by org.testng.reporters.JUnitReportReporter -->
<testsuite hostname="LAPTOP-I3DUF9VK" failures="0" tests="3" name="Test.day4" time="0.006" errors="0" timestamp="2020-09-06T11:54:58 IST" skipped="0">
  <testcase classname="Test.day4" name="MobileWebLogichomeLoon" time="0.001"/>
  <system-out/>
  <testcase classname="Test.day4" name="MobileWebLoginhomeLoon" time="0.001"/>
  <system-out/>
  <testcase classname="Test.day4" name="MobileLoginApihomeLoon" time="0.004"/>
  <system-out/>
</testsuite> <!-- Test.day4 -->
