<?xml version="1.0" encoding="UTF-8"?>
<!-- Generated by org.testng.reporters.JUnitReportReporter -->
<testsuite hostname="LAPTOP-I3DUF9VK" failures="0" tests="3" name="day4" time="0.006" errors="0" timestamp="2020-09-06T14:34:36 IST" skipped="0">
  <testcase classname="day4" name="MobileWebLogichomeLoon" time="0.002"/>
  <system-out/>
  <testcase classname="day4" name="MobileLoginApihomeLoon" time="0.002"/>
  <system-out/>
  <testcase classname="day4" name="MobileWebLoginhomeLoon" time="0.002"/>
  <system-out/>
</testsuite> <!-- day4 -->
