<?xml version="1.0" encoding="UTF-8"?>
<!-- Generated by org.testng.reporters.JUnitReportReporter -->
<testsuite hostname="LAPTOP-I3DUF9VK" failures="0" tests="3" name="Test.day3" time="0.011" errors="0" timestamp="2020-09-06T11:54:58 IST" skipped="0">
  <testcase classname="Test.day3" name="MobileLoginApicarLoon" time="0.003"/>
  <system-out/>
  <testcase classname="Test.day3" name="MobileWebLogiccarLoon" time="0.006"/>
  <system-out/>
  <testcase classname="Test.day3" name="WebLogincarLoon" time="0.002"/>
  <system-out/>
</testsuite> <!-- Test.day3 -->
