<?xml version="1.0" encoding="UTF-8"?>
<!-- Generated by org.testng.reporters.JUnitReportReporter -->
<testsuite hostname="LAPTOP-I3DUF9VK" failures="0" tests="1" name="Test.day2" time="0.004" errors="0" timestamp="2020-09-06T11:54:58 IST" skipped="0">
  <testcase classname="Test.day2" name="ploan" time="0.004"/>
  <system-out/>
</testsuite> <!-- Test.day2 -->
