<?xml version="1.0" encoding="UTF-8"?>
<!-- Generated by org.testng.reporters.JUnitReportReporter -->
<testsuite hostname="LAPTOP-I3DUF9VK" failures="0" tests="1" name="day2" time="0.003" errors="0" timestamp="2020-09-06T14:34:36 IST" skipped="0">
  <testcase classname="day2" name="ploan" time="0.003"/>
  <system-out/>
</testsuite> <!-- day2 -->
